<?xml version="1.0" encoding="UTF-8"?>
<testsuite name="com.example.vebibeer_be.VebibeerBeApplicationTests" tests="1" skipped="0" failures="0" errors="0" timestamp="2024-07-03T03:09:33" hostname="NHATs-MBP" time="0.401">
  <properties/>
  <testcase name="contextLoads()" classname="com.example.vebibeer_be.VebibeerBeApplicationTests" time="0.401"/>
  <system-out><![CDATA[Standard Commons Logging discovery in action with spring-jcl: please remove commons-logging.jar from classpath in order to avoid potential conflicts
10:09:29.049 [Test worker] INFO org.springframework.test.context.support.AnnotationConfigContextLoaderUtils -- Could not detect default configuration classes for test class [com.example.vebibeer_be.VebibeerBeApplicationTests]: VebibeerBeApplicationTests does not declare any static, non-private, non-final, nested classes annotated with @Configuration.
10:09:29.115 [Test worker] INFO org.springframework.boot.test.context.SpringBootTestContextBootstrapper -- Found @SpringBootConfiguration com.example.vebibeer_be.VebibeerBeApplication for test class com.example.vebibeer_be.VebibeerBeApplicationTests
  .   ____          _            __ _ _
 /\\ / ___'_ __ _ _(_)_ __  __ _ \ \ \ \
( ( )\___ | '_ | '_| | '_ \/ _` | \ \ \ \
 \\/  ___)| |_)| | | | | || (_| |  ) ) ) )
  '  |____| .__|_| |_|_| |_\__, | / / / /
 =========|_|==============|___/=/_/_/_/

 :: Spring Boot ::                (v3.3.0)

2024-07-03T10:09:29.345+07:00  INFO 89916 --- [vebibeer_be] [    Test worker] c.e.v.VebibeerBeApplicationTests         : Starting VebibeerBeApplicationTests using Java 21.0.3 with PID 89916 (started by vannhat in /Users/vannhat/Documents/vebibeer-be)
2024-07-03T10:09:29.346+07:00  INFO 89916 --- [vebibeer_be] [    Test worker] c.e.v.VebibeerBeApplicationTests         : No active profile set, falling back to 1 default profile: "default"
2024-07-03T10:09:29.364+07:00 DEBUG 89916 --- [vebibeer_be] [    Test worker] o.s.w.c.s.GenericWebApplicationContext   : Refreshing org.springframework.web.context.support.GenericWebApplicationContext@31ff1390
2024-07-03T10:09:29.805+07:00  INFO 89916 --- [vebibeer_be] [    Test worker] .s.d.r.c.RepositoryConfigurationDelegate : Bootstrapping Spring Data JPA repositories in DEFAULT mode.
2024-07-03T10:09:29.861+07:00  INFO 89916 --- [vebibeer_be] [    Test worker] .s.d.r.c.RepositoryConfigurationDelegate : Finished Spring Data repository scanning in 51 ms. Found 12 JPA repository interfaces.
2024-07-03T10:09:30.109+07:00  WARN 89916 --- [vebibeer_be] [    Test worker] trationDelegate$BeanPostProcessorChecker : Bean 'org.springframework.ws.config.annotation.DelegatingWsConfiguration' of type [org.springframework.ws.config.annotation.DelegatingWsConfiguration$$SpringCGLIB$$0] is not eligible for getting processed by all BeanPostProcessors (for example: not eligible for auto-proxying). The currently created BeanPostProcessor [annotationActionEndpointMapping] is declared through a non-static factory method on that class; consider declaring it as static instead.
2024-07-03T10:09:30.140+07:00  INFO 89916 --- [vebibeer_be] [    Test worker] .w.s.a.s.AnnotationActionEndpointMapping : Supporting [WS-Addressing August 2004, WS-Addressing 1.0]
2024-07-03T10:09:30.285+07:00  INFO 89916 --- [vebibeer_be] [    Test worker] o.hibernate.jpa.internal.util.LogHelper  : HHH000204: Processing PersistenceUnitInfo [name: default]
2024-07-03T10:09:30.317+07:00  INFO 89916 --- [vebibeer_be] [    Test worker] org.hibernate.Version                    : HHH000412: Hibernate ORM core version 6.5.2.Final
2024-07-03T10:09:30.336+07:00  INFO 89916 --- [vebibeer_be] [    Test worker] o.h.c.internal.RegionFactoryInitiator    : HHH000026: Second-level cache disabled
2024-07-03T10:09:30.526+07:00  INFO 89916 --- [vebibeer_be] [    Test worker] o.s.o.j.p.SpringPersistenceUnitInfo      : No LoadTimeWeaver setup: ignoring JPA class transformer
2024-07-03T10:09:30.542+07:00  INFO 89916 --- [vebibeer_be] [    Test worker] com.zaxxer.hikari.HikariDataSource       : HikariPool-1 - Starting...
2024-07-03T10:09:30.874+07:00  INFO 89916 --- [vebibeer_be] [    Test worker] com.zaxxer.hikari.pool.HikariPool        : HikariPool-1 - Added connection com.mysql.cj.jdbc.ConnectionImpl@c30f26d
2024-07-03T10:09:30.875+07:00  INFO 89916 --- [vebibeer_be] [    Test worker] com.zaxxer.hikari.HikariDataSource       : HikariPool-1 - Start completed.
2024-07-03T10:09:31.750+07:00  INFO 89916 --- [vebibeer_be] [    Test worker] o.h.e.t.j.p.i.JtaPlatformInitiator       : HHH000489: No JTA platform available (set 'hibernate.transaction.jta.platform' to enable JTA platform integration)
2024-07-03T10:09:31.936+07:00  INFO 89916 --- [vebibeer_be] [    Test worker] j.LocalContainerEntityManagerFactoryBean : Initialized JPA EntityManagerFactory for persistence unit 'default'
2024-07-03T10:09:32.240+07:00  INFO 89916 --- [vebibeer_be] [    Test worker] r$InitializeUserDetailsManagerConfigurer : Global AuthenticationManager configured with UserDetailsService bean with name customUserDetailsService
2024-07-03T10:09:32.451+07:00  WARN 89916 --- [vebibeer_be] [    Test worker] JpaBaseConfiguration$JpaWebConfiguration : spring.jpa.open-in-view is enabled by default. Therefore, database queries may be performed during view rendering. Explicitly configure spring.jpa.open-in-view to disable this warning
2024-07-03T10:09:32.563+07:00 DEBUG 89916 --- [vebibeer_be] [    Test worker] s.w.s.m.m.a.RequestMappingHandlerMapping : 59 mappings in 'requestMappingHandlerMapping'
2024-07-03T10:09:32.710+07:00 DEBUG 89916 --- [vebibeer_be] [    Test worker] o.s.w.s.handler.SimpleUrlHandlerMapping  : Patterns [/webjars/**, /**] in 'resourceHandlerMapping'
2024-07-03T10:09:32.752+07:00 DEBUG 89916 --- [vebibeer_be] [    Test worker] edFilterInvocationSecurityMetadataSource : Adding web access control expression [permitAll] for any request
2024-07-03T10:09:32.780+07:00  INFO 89916 --- [vebibeer_be] [    Test worker] o.s.s.web.DefaultSecurityFilterChain     : Will secure any request with [org.springframework.security.web.session.DisableEncodeUrlFilter@7e047d85, org.springframework.security.web.context.request.async.WebAsyncManagerIntegrationFilter@3d306fd5, org.springframework.security.web.context.SecurityContextHolderFilter@48149568, org.springframework.security.web.header.HeaderWriterFilter@4e24db00, org.springframework.web.filter.CorsFilter@4ba56bbe, org.springframework.security.web.authentication.logout.LogoutFilter@408573b1, org.springframework.security.oauth2.client.web.OAuth2AuthorizationRequestRedirectFilter@5f386009, org.springframework.security.oauth2.client.web.OAuth2LoginAuthenticationFilter@3bfbe2a6, com.example.vebibeer_be.security.TokenAuthenticationFilter@613d42ab, org.springframework.security.web.savedrequest.RequestCacheAwareFilter@67441705, org.springframework.security.web.servletapi.SecurityContextHolderAwareRequestFilter@4271960c, org.springframework.security.web.authentication.AnonymousAuthenticationFilter@8ae7e03, org.springframework.security.web.session.SessionManagementFilter@452d4bb2, org.springframework.security.web.access.ExceptionTranslationFilter@bce93d3, org.springframework.security.web.access.intercept.FilterSecurityInterceptor@369958b0]
2024-07-03T10:09:32.933+07:00 DEBUG 89916 --- [vebibeer_be] [    Test worker] s.w.s.m.m.a.RequestMappingHandlerAdapter : ControllerAdvice beans: 0 @ModelAttribute, 0 @InitBinder, 1 RequestBodyAdvice, 1 ResponseBodyAdvice
2024-07-03T10:09:32.953+07:00 DEBUG 89916 --- [vebibeer_be] [    Test worker] .m.m.a.ExceptionHandlerExceptionResolver : ControllerAdvice beans: 0 @ExceptionHandler, 1 ResponseBodyAdvice
2024-07-03T10:09:33.087+07:00  INFO 89916 --- [vebibeer_be] [    Test worker] c.e.v.VebibeerBeApplicationTests         : Started VebibeerBeApplicationTests in 3.882 seconds (process running for 4.658)
]]></system-out>
  <system-err><![CDATA[WARNING: A Java agent has been loaded dynamically (/Users/vannhat/.gradle/caches/modules-2/files-2.1/net.bytebuddy/byte-buddy-agent/1.14.16/4a451ee6484abac3a498df0f3b33ed00a6fced4d/byte-buddy-agent-1.14.16.jar)
WARNING: If a serviceability tool is in use, please run with -XX:+EnableDynamicAgentLoading to hide this warning
WARNING: If a serviceability tool is not in use, please run with -Djdk.instrument.traceUsage for more information
WARNING: Dynamic loading of agents will be disallowed by default in a future release
]]></system-err>
</testsuite>
