<?xml version="1.0" encoding="UTF-8"?>
<testsuite name="com.example.vebibeer_be.VebibeerBeApplicationTests" tests="1" skipped="0" failures="0" errors="0" timestamp="2024-07-12T06:30:18" hostname="NHATs-MacBook-Pro.local" time="0.419">
  <properties/>
  <testcase name="contextLoads()" classname="com.example.vebibeer_be.VebibeerBeApplicationTests" time="0.419"/>
  <system-out><![CDATA[Standard Commons Logging discovery in action with spring-jcl: please remove commons-logging.jar from classpath in order to avoid potential conflicts
13:30:13.727 [Test worker] INFO org.springframework.test.context.support.AnnotationConfigContextLoaderUtils -- Could not detect default configuration classes for test class [com.example.vebibeer_be.VebibeerBeApplicationTests]: VebibeerBeApplicationTests does not declare any static, non-private, non-final, nested classes annotated with @Configuration.
13:30:13.795 [Test worker] INFO org.springframework.boot.test.context.SpringBootTestContextBootstrapper -- Found @SpringBootConfiguration com.example.vebibeer_be.VebibeerBeApplication for test class com.example.vebibeer_be.VebibeerBeApplicationTests
  .   ____          _            __ _ _
 /\\ / ___'_ __ _ _(_)_ __  __ _ \ \ \ \
( ( )\___ | '_ | '_| | '_ \/ _` | \ \ \ \
 \\/  ___)| |_)| | | | | || (_| |  ) ) ) )
  '  |____| .__|_| |_|_| |_\__, | / / / /
 =========|_|==============|___/=/_/_/_/

 :: Spring Boot ::                (v3.3.0)

2024-07-12T13:30:14.039+07:00  INFO 34905 --- [vebibeer_be] [    Test worker] c.e.v.VebibeerBeApplicationTests         : Starting VebibeerBeApplicationTests using Java 21.0.3 with PID 34905 (started by vannhat in /Users/vannhat/Documents/vebibeer-be)
2024-07-12T13:30:14.040+07:00  INFO 34905 --- [vebibeer_be] [    Test worker] c.e.v.VebibeerBeApplicationTests         : No active profile set, falling back to 1 default profile: "default"
2024-07-12T13:30:14.559+07:00  INFO 34905 --- [vebibeer_be] [    Test worker] .s.d.r.c.RepositoryConfigurationDelegate : Bootstrapping Spring Data JPA repositories in DEFAULT mode.
2024-07-12T13:30:14.623+07:00  INFO 34905 --- [vebibeer_be] [    Test worker] .s.d.r.c.RepositoryConfigurationDelegate : Finished Spring Data repository scanning in 58 ms. Found 13 JPA repository interfaces.
2024-07-12T13:30:14.889+07:00  WARN 34905 --- [vebibeer_be] [    Test worker] trationDelegate$BeanPostProcessorChecker : Bean 'org.springframework.ws.config.annotation.DelegatingWsConfiguration' of type [org.springframework.ws.config.annotation.DelegatingWsConfiguration$$SpringCGLIB$$0] is not eligible for getting processed by all BeanPostProcessors (for example: not eligible for auto-proxying). The currently created BeanPostProcessor [annotationActionEndpointMapping] is declared through a non-static factory method on that class; consider declaring it as static instead.
2024-07-12T13:30:14.920+07:00  INFO 34905 --- [vebibeer_be] [    Test worker] .w.s.a.s.AnnotationActionEndpointMapping : Supporting [WS-Addressing August 2004, WS-Addressing 1.0]
2024-07-12T13:30:15.067+07:00  INFO 34905 --- [vebibeer_be] [    Test worker] o.hibernate.jpa.internal.util.LogHelper  : HHH000204: Processing PersistenceUnitInfo [name: default]
2024-07-12T13:30:15.099+07:00  INFO 34905 --- [vebibeer_be] [    Test worker] org.hibernate.Version                    : HHH000412: Hibernate ORM core version 6.5.2.Final
2024-07-12T13:30:15.118+07:00  INFO 34905 --- [vebibeer_be] [    Test worker] o.h.c.internal.RegionFactoryInitiator    : HHH000026: Second-level cache disabled
2024-07-12T13:30:15.310+07:00  INFO 34905 --- [vebibeer_be] [    Test worker] o.s.o.j.p.SpringPersistenceUnitInfo      : No LoadTimeWeaver setup: ignoring JPA class transformer
2024-07-12T13:30:15.327+07:00  INFO 34905 --- [vebibeer_be] [    Test worker] com.zaxxer.hikari.HikariDataSource       : HikariPool-1 - Starting...
2024-07-12T13:30:15.708+07:00  INFO 34905 --- [vebibeer_be] [    Test worker] com.zaxxer.hikari.pool.HikariPool        : HikariPool-1 - Added connection com.mysql.cj.jdbc.ConnectionImpl@7538cfe6
2024-07-12T13:30:15.710+07:00  INFO 34905 --- [vebibeer_be] [    Test worker] com.zaxxer.hikari.HikariDataSource       : HikariPool-1 - Start completed.
2024-07-12T13:30:16.542+07:00  INFO 34905 --- [vebibeer_be] [    Test worker] o.h.e.t.j.p.i.JtaPlatformInitiator       : HHH000489: No JTA platform available (set 'hibernate.transaction.jta.platform' to enable JTA platform integration)
2024-07-12T13:30:16.752+07:00  INFO 34905 --- [vebibeer_be] [    Test worker] j.LocalContainerEntityManagerFactoryBean : Initialized JPA EntityManagerFactory for persistence unit 'default'
2024-07-12T13:30:17.086+07:00  INFO 34905 --- [vebibeer_be] [    Test worker] r$InitializeUserDetailsManagerConfigurer : Global AuthenticationManager configured with UserDetailsService bean with name customUserDetailsService
2024-07-12T13:30:17.158+07:00  INFO 34905 --- [vebibeer_be] [    Test worker] o.s.d.j.r.query.QueryEnhancerFactory     : Hibernate is in classpath; If applicable, HQL parser will be used.
2024-07-12T13:30:17.689+07:00  WARN 34905 --- [vebibeer_be] [    Test worker] JpaBaseConfiguration$JpaWebConfiguration : spring.jpa.open-in-view is enabled by default. Therefore, database queries may be performed during view rendering. Explicitly configure spring.jpa.open-in-view to disable this warning
2024-07-12T13:30:17.992+07:00  INFO 34905 --- [vebibeer_be] [    Test worker] o.s.s.web.DefaultSecurityFilterChain     : Will secure any request with [org.springframework.security.web.session.DisableEncodeUrlFilter@58c84be1, org.springframework.security.web.context.request.async.WebAsyncManagerIntegrationFilter@2e7227e6, org.springframework.security.web.context.SecurityContextHolderFilter@62db3787, org.springframework.security.web.header.HeaderWriterFilter@3048ec86, org.springframework.web.filter.CorsFilter@43dc6864, org.springframework.security.web.authentication.logout.LogoutFilter@3366a998, org.springframework.security.oauth2.client.web.OAuth2AuthorizationRequestRedirectFilter@15ddf775, org.springframework.security.oauth2.client.web.OAuth2LoginAuthenticationFilter@5a558335, com.example.vebibeer_be.security.TokenAuthenticationFilter@287d9e0c, org.springframework.security.web.savedrequest.RequestCacheAwareFilter@68bbd5c2, org.springframework.security.web.servletapi.SecurityContextHolderAwareRequestFilter@2f29b7bd, org.springframework.security.web.authentication.AnonymousAuthenticationFilter@2c1523cd, org.springframework.security.web.session.SessionManagementFilter@76e51181, org.springframework.security.web.access.ExceptionTranslationFilter@3990d58e, org.springframework.security.web.access.intercept.FilterSecurityInterceptor@5d05bb29]
2024-07-12T13:30:18.249+07:00  INFO 34905 --- [vebibeer_be] [    Test worker] c.e.v.VebibeerBeApplicationTests         : Started VebibeerBeApplicationTests in 4.351 seconds (process running for 5.16)
]]></system-out>
  <system-err><![CDATA[WARNING: A Java agent has been loaded dynamically (/Users/vannhat/.gradle/caches/modules-2/files-2.1/net.bytebuddy/byte-buddy-agent/1.14.16/4a451ee6484abac3a498df0f3b33ed00a6fced4d/byte-buddy-agent-1.14.16.jar)
WARNING: If a serviceability tool is in use, please run with -XX:+EnableDynamicAgentLoading to hide this warning
WARNING: If a serviceability tool is not in use, please run with -Djdk.instrument.traceUsage for more information
WARNING: Dynamic loading of agents will be disallowed by default in a future release
]]></system-err>
</testsuite>
